<?xml version="1.0" encoding="UTF-8"?>
<!-- Generated by org.testng.reporters.JUnitReportReporter -->
<testsuite hostname="Karthics-MBP.attlocal.net" failures="0" tests="2" name="tests.LoginTest" time="21.757" errors="0" timestamp="2024-09-15T11:20:45 PDT" skipped="0">
  <testcase classname="tests.LoginTest" name="RememberUserNameCheckBoxTC03" time="11.631"/>
  <system-out/>
  <testcase classname="tests.LoginTest" name="TestForgotPasswordTC04A" time="10.126"/>
  <system-out/>
</testsuite> <!-- tests.LoginTest -->
